SF:lib\main.dart
DA:9,0
DA:10,0
DA:11,0
DA:12,0
DA:14,0
DA:17,1
DA:19,1
DA:22,1
DA:26,1
DA:27,3
LF:10
LH:5
end_of_record
SF:lib\firebase_options.dart
DA:18,0
DA:20,0
DA:25,0
DA:26,0
DA:28,0
DA:30,0
DA:31,0
DA:35,0
DA:36,0
DA:40,0
DA:41,0
DA:46,0
LF:12
LH:0
end_of_record
SF:lib\pages\signup\email.dart
DA:8,0
DA:10,0
DA:11,0
DA:15,0
DA:17,0
DA:18,0
DA:20,0
DA:21,0
DA:22,0
DA:25,0
DA:26,0
DA:28,0
DA:29,0
DA:30,0
DA:31,0
DA:32,0
DA:34,0
DA:35,0
DA:37,0
DA:41,0
DA:42,0
DA:43,0
DA:45,0
DA:46,0
DA:47,0
DA:49,0
DA:52,0
DA:53,0
DA:54,0
DA:56,0
DA:59,0
DA:60,0
DA:61,0
DA:62,0
DA:64,0
DA:65,0
DA:66,0
DA:68,0
DA:69,0
DA:70,0
DA:71,0
DA:77,0
DA:78,0
DA:79,0
DA:82,0
DA:84,0
DA:85,0
DA:86,0
DA:88,0
DA:89,0
DA:90,0
DA:91,0
DA:97,0
DA:98,0
DA:99,0
DA:102,0
DA:104,0
DA:105,0
DA:106,0
DA:108,0
DA:109,0
DA:110,0
DA:111,0
DA:117,0
DA:118,0
DA:119,0
DA:120,0
DA:121,0
DA:122,0
DA:124,0
DA:125,0
DA:126,0
DA:127,0
DA:128,0
LF:74
LH:0
end_of_record
SF:lib\pages\splash\splash_screen.dart
DA:8,1
DA:9,2
DA:10,0
DA:11,0
DA:12,0
DA:13,0
DA:19,1
DA:21,1
DA:22,1
DA:24,1
DA:25,1
DA:26,1
DA:27,1
DA:29,1
DA:30,1
DA:31,1
DA:32,1
DA:33,1
DA:42,1
DA:43,2
DA:44,0
LF:21
LH:16
end_of_record
SF:lib\navigation\custom_animated_bottom_bar.dart
DA:6,0
DA:19,0
DA:20,0
DA:34,0
DA:36,0
DA:38,0
DA:39,0
DA:41,0
DA:42,0
DA:43,0
DA:49,0
DA:50,0
DA:52,0
DA:54,0
DA:55,0
DA:56,0
DA:57,0
DA:58,0
DA:59,0
DA:60,0
DA:62,0
DA:63,0
DA:65,0
DA:66,0
DA:67,0
DA:70,0
DA:87,0
DA:96,0
DA:98,0
DA:100,0
DA:102,0
DA:103,0
DA:104,0
DA:106,0
DA:107,0
DA:108,0
DA:110,0
DA:111,0
DA:113,0
DA:115,0
DA:116,0
DA:117,0
DA:118,0
DA:119,0
DA:123,0
DA:124,0
DA:125,0
DA:126,0
DA:127,0
DA:128,0
DA:129,0
DA:130,0
DA:131,0
DA:133,0
DA:135,0
DA:136,0
DA:137,0
DA:138,0
DA:139,0
DA:140,0
DA:141,0
DA:145,0
DA:146,0
DA:160,0
LF:64
LH:0
end_of_record
SF:lib\pages\dashboard\dashboard.dart
DA:13,0
DA:14,0
DA:22,0
DA:24,0
DA:25,0
DA:29,0
DA:30,0
DA:31,0
DA:32,0
DA:34,0
DA:35,0
DA:37,0
DA:38,0
DA:41,0
DA:42,0
DA:44,0
DA:45,0
DA:49,0
DA:50,0
DA:51,0
DA:54,0
DA:55,0
DA:58,0
DA:61,0
DA:62,0
DA:65,0
DA:70,0
DA:71,0
DA:74,0
DA:77,0
DA:78,0
DA:85,0
DA:86,0
DA:87,0
DA:88,0
DA:89,0
DA:90,0
DA:92,0
DA:93,0
LF:39
LH:0
end_of_record
SF:lib\theme\app_theme.dart
DA:7,0
LF:1
LH:0
end_of_record
SF:lib\pages\home\home_page.dart
DA:16,0
DA:18,0
DA:19,0
DA:20,0
DA:21,0
DA:22,0
DA:23,0
DA:24,0
DA:25,0
DA:27,0
DA:29,0
DA:31,0
DA:32,0
DA:33,0
DA:34,0
DA:35,0
DA:36,0
DA:37,0
DA:39,0
DA:40,0
DA:41,0
DA:45,0
DA:51,0
DA:53,0
DA:55,0
DA:57,0
DA:58,0
DA:59,0
DA:60,0
DA:61,0
DA:62,0
DA:63,0
DA:64,0
DA:69,0
DA:70,0
DA:72,0
DA:73,0
DA:74,0
DA:83,0
DA:84,0
DA:85,0
DA:86,0
DA:87,0
DA:88,0
DA:89,0
DA:91,0
DA:100,0
DA:101,0
DA:102,0
DA:103,0
DA:104,0
DA:107,0
DA:108,0
DA:113,0
DA:115,0
DA:116,0
LF:56
LH:0
end_of_record
SF:lib\pages\likes\likes_page.dart
DA:11,0
DA:13,0
DA:15,0
DA:20,0
DA:25,0
DA:29,0
DA:30,0
DA:31,0
DA:32,0
DA:33,0
DA:36,0
DA:37,0
DA:38,0
DA:39,0
DA:41,0
DA:42,0
LF:16
LH:0
end_of_record
SF:lib\pages\messages\messages_page.dart
DA:7,0
DA:9,0
DA:10,0
DA:11,0
DA:12,0
DA:13,0
DA:15,0
LF:7
LH:0
end_of_record
SF:lib\pages\profile\profile_display.dart
DA:9,0
DA:14,0
DA:16,0
DA:17,0
DA:19,0
DA:20,0
DA:21,0
DA:24,0
DA:25,0
DA:26,0
DA:27,0
DA:29,0
DA:30,0
DA:34,0
DA:35,0
DA:36,0
DA:37,0
DA:38,0
DA:39,0
DA:40,0
DA:41,0
DA:42,0
DA:43,0
DA:45,0
DA:46,0
DA:52,0
DA:55,0
DA:56,0
DA:58,0
DA:60,0
DA:68,0
DA:69,0
DA:70,0
DA:71,0
DA:72,0
DA:73,0
DA:74,0
DA:75,0
DA:77,0
DA:79,0
DA:80,0
DA:81,0
DA:82,0
DA:84,0
DA:85,0
DA:86,0
DA:88,0
DA:90,0
DA:92,0
DA:93,0
DA:94,0
DA:98,0
DA:99,0
DA:108,0
DA:109,0
DA:110,0
DA:111,0
DA:113,0
DA:114,0
DA:115,0
DA:117,0
DA:119,0
DA:121,0
DA:122,0
DA:123,0
DA:127,0
DA:128,0
DA:137,0
DA:138,0
DA:139,0
DA:140,0
DA:142,0
DA:143,0
DA:144,0
DA:146,0
DA:148,0
DA:150,0
DA:151,0
DA:152,0
DA:156,0
DA:157,0
DA:166,0
DA:167,0
DA:168,0
DA:169,0
DA:171,0
DA:172,0
DA:173,0
DA:175,0
DA:177,0
DA:179,0
DA:180,0
DA:181,0
DA:185,0
DA:186,0
DA:187,0
DA:191,0
DA:192,0
DA:193,0
DA:194,0
DA:195,0
DA:198,0
DA:199,0
DA:200,0
DA:201,0
DA:204,0
DA:208,0
DA:209,0
DA:210,0
DA:211,0
DA:213,0
DA:216,0
DA:217,0
DA:218,0
DA:219,0
DA:221,0
DA:222,0
DA:223,0
DA:224,0
DA:225,0
DA:229,0
DA:230,0
DA:232,0
DA:233,0
DA:236,0
DA:237,0
DA:249,0
DA:250,0
DA:251,0
DA:252,0
DA:253,0
DA:254,0
DA:256,0
DA:257,0
DA:258,0
DA:260,0
DA:263,0
DA:264,0
DA:266,0
DA:268,0
DA:270,0
DA:272,0
DA:273,0
DA:274,0
DA:282,0
DA:283,0
DA:284,0
DA:285,0
DA:286,0
DA:287,0
DA:289,0
DA:290,0
DA:291,0
DA:292,0
DA:294,0
DA:297,0
DA:298,0
DA:300,0
DA:302,0
DA:304,0
DA:306,0
DA:307,0
DA:308,0
DA:316,0
DA:317,0
DA:318,0
DA:319,0
DA:320,0
DA:321,0
DA:323,0
DA:330,0
DA:331,0
DA:332,0
DA:334,0
DA:337,0
DA:338,0
DA:340,0
DA:342,0
DA:344,0
DA:346,0
DA:347,0
DA:348,0
DA:354,0
DA:355,0
DA:356,0
DA:362,0
DA:364,0
DA:365,0
DA:367,0
DA:369,0
DA:371,0
DA:372,0
DA:373,0
DA:377,0
DA:378,0
DA:381,0
DA:390,0
DA:391,0
DA:392,0
DA:393,0
DA:394,0
DA:395,0
DA:396,0
DA:398,0
DA:401,0
DA:402,0
DA:403,0
DA:407,0
LF:208
LH:0
end_of_record
SF:lib\pages\home\home_controller.dart
DA:12,0
DA:13,0
DA:16,0
DA:18,0
DA:21,0
DA:23,0
LF:6
LH:0
end_of_record
SF:lib\pages\home\home_custom_card.dart
DA:11,0
DA:13,0
DA:15,0
DA:16,0
DA:17,0
DA:19,0
DA:22,0
DA:25,0
DA:26,0
DA:28,0
DA:29,0
DA:31,0
DA:34,0
DA:35,0
DA:36,0
DA:37,0
DA:43,0
DA:44,0
DA:45,0
DA:46,0
DA:47,0
DA:48,0
DA:49,0
DA:51,0
LF:24
LH:0
end_of_record
SF:lib\pages\likes\likes_controller.dart
DA:7,0
DA:8,0
DA:11,0
DA:13,0
DA:16,0
DA:18,0
DA:26,0
LF:7
LH:0
end_of_record
SF:lib\pages\likes\custom_card.dart
DA:13,0
DA:19,0
DA:21,0
DA:23,0
DA:24,0
DA:26,0
DA:27,0
DA:29,0
DA:30,0
DA:36,0
DA:39,0
DA:40,0
DA:41,0
DA:44,0
DA:49,0
DA:53,0
DA:55,0
DA:56,0
DA:57,0
DA:58,0
DA:60,0
DA:61,0
DA:64,0
DA:66,0
DA:69,0
DA:70,0
DA:71,0
DA:73,0
DA:74,0
DA:77,0
DA:79,0
LF:31
LH:0
end_of_record
SF:lib\pages\signup\profile\profile_controller.dart
DA:31,0
DA:32,0
DA:35,0
DA:36,0
DA:43,0
DA:44,0
DA:48,0
DA:49,0
DA:50,0
LF:9
LH:0
end_of_record
SF:lib\pages\signup\verification.dart
DA:10,0
DA:12,0
DA:14,0
DA:15,0
DA:16,0
DA:17,0
DA:18,0
DA:19,0
DA:22,0
DA:23,0
DA:24,0
DA:25,0
DA:27,0
DA:29,0
DA:34,0
DA:35,0
DA:36,0
DA:37,0
DA:38,0
DA:39,0
DA:40,0
DA:46,0
DA:47,0
DA:48,0
DA:49,0
LF:25
LH:0
end_of_record
SF:lib\pages\signup\profile\looking_for.dart
DA:10,0
DA:12,0
DA:15,0
DA:17,0
DA:18,0
DA:19,0
DA:20,0
DA:22,0
DA:23,0
DA:25,0
DA:26,0
DA:27,0
DA:28,0
DA:29,0
DA:30,0
DA:32,0
DA:33,0
DA:34,0
DA:35,0
DA:36,0
DA:37,0
DA:38,0
DA:40,0
DA:41,0
DA:42,0
DA:44,0
DA:45,0
DA:50,0
DA:51,0
DA:52,0
DA:53,0
DA:54,0
DA:55,0
DA:57,0
DA:59,0
DA:60,0
DA:61,0
DA:62,0
DA:63,0
DA:65,0
DA:66,0
DA:68,0
DA:70,0
DA:71,0
DA:72,0
DA:74,0
DA:76,0
DA:78,0
DA:79,0
DA:80,0
DA:88,0
DA:89,0
DA:90,0
DA:91,0
DA:92,0
DA:94,0
DA:95,0
DA:97,0
DA:99,0
DA:100,0
DA:101,0
DA:103,0
DA:105,0
DA:107,0
DA:108,0
DA:109,0
DA:116,0
DA:117,0
DA:118,0
DA:119,0
DA:120,0
DA:121,0
DA:123,0
DA:126,0
DA:127,0
DA:128,0
DA:130,0
DA:133,0
DA:134,0
DA:136,0
DA:137,0
DA:139,0
DA:141,0
DA:143,0
DA:144,0
DA:145,0
DA:151,0
DA:152,0
DA:153,0
DA:154,0
DA:155,0
DA:156,0
DA:158,0
DA:162,0
DA:163,0
DA:164,0
DA:166,0
DA:169,0
DA:170,0
DA:172,0
DA:173,0
DA:175,0
DA:177,0
DA:179,0
DA:180,0
DA:181,0
DA:187,0
DA:188,0
DA:189,0
DA:191,0
DA:192,0
DA:193,0
DA:195,0
DA:198,0
DA:199,0
DA:200,0
DA:202,0
DA:205,0
DA:206,0
DA:208,0
DA:209,0
DA:211,0
DA:213,0
DA:215,0
DA:216,0
DA:217,0
DA:225,0
DA:226,0
DA:227,0
DA:229,0
DA:230,0
DA:232,0
DA:233,0
DA:236,0
DA:237,0
DA:239,0
DA:240,0
DA:242,0
DA:243,0
DA:245,0
DA:247,0
DA:249,0
DA:250,0
DA:252,0
DA:253,0
DA:254,0
DA:257,0
DA:258,0
DA:263,0
DA:265,0
DA:266,0
DA:267,0
DA:268,0
DA:270,0
DA:272,0
DA:274,0
DA:275,0
DA:276,0
DA:277,0
DA:281,0
DA:282,0
DA:293,0
DA:294,0
DA:295,0
DA:296,0
DA:297,0
DA:298,0
DA:299,0
DA:301,0
DA:304,0
DA:305,0
DA:307,0
DA:309,0
DA:311,0
DA:313,0
DA:316,0
DA:324,0
LF:177
LH:0
end_of_record
SF:lib\pages\signup\profile\lookingfor_controller.dart
DA:14,0
DA:15,0
DA:18,0
DA:19,0
DA:22,0
DA:23,0
DA:26,0
DA:27,0
DA:30,0
DA:31,0
DA:34,0
DA:35,0
DA:38,0
DA:39,0
LF:14
LH:0
end_of_record
SF:lib\pages\signup\profile\profile_details.dart
DA:12,0
DA:17,0
DA:18,0
DA:19,0
DA:20,0
DA:22,0
DA:24,0
DA:29,0
DA:31,0
DA:32,0
DA:34,0
DA:35,0
DA:36,0
DA:37,0
DA:39,0
DA:40,0
DA:42,0
DA:43,0
DA:46,0
DA:47,0
DA:48,0
DA:49,0
DA:50,0
DA:51,0
DA:53,0
DA:54,0
DA:59,0
DA:60,0
DA:61,0
DA:62,0
DA:63,0
DA:64,0
DA:65,0
DA:66,0
DA:67,0
DA:68,0
DA:70,0
DA:71,0
DA:77,0
DA:80,0
DA:81,0
DA:83,0
DA:85,0
DA:93,0
DA:94,0
DA:95,0
DA:96,0
DA:97,0
DA:98,0
DA:99,0
DA:100,0
DA:102,0
DA:104,0
DA:105,0
DA:106,0
DA:107,0
DA:109,0
DA:110,0
DA:111,0
DA:113,0
DA:115,0
DA:117,0
DA:118,0
DA:119,0
DA:123,0
DA:124,0
DA:133,0
DA:134,0
DA:135,0
DA:136,0
DA:138,0
DA:139,0
DA:140,0
DA:142,0
DA:144,0
DA:146,0
DA:147,0
DA:148,0
DA:152,0
DA:153,0
DA:162,0
DA:163,0
DA:164,0
DA:165,0
DA:167,0
DA:168,0
DA:169,0
DA:171,0
DA:173,0
DA:175,0
DA:176,0
DA:177,0
DA:181,0
DA:182,0
DA:191,0
DA:192,0
DA:193,0
DA:194,0
DA:196,0
DA:197,0
DA:198,0
DA:200,0
DA:202,0
DA:204,0
DA:205,0
DA:206,0
DA:210,0
DA:211,0
DA:212,0
DA:216,0
DA:217,0
DA:218,0
DA:219,0
DA:220,0
DA:223,0
DA:224,0
DA:225,0
DA:226,0
DA:229,0
DA:233,0
DA:234,0
DA:235,0
DA:236,0
DA:238,0
DA:241,0
DA:242,0
DA:243,0
DA:244,0
DA:246,0
DA:247,0
DA:248,0
DA:249,0
DA:250,0
DA:254,0
DA:255,0
DA:257,0
DA:258,0
DA:261,0
DA:262,0
DA:274,0
DA:275,0
DA:276,0
DA:277,0
DA:278,0
DA:279,0
DA:281,0
DA:282,0
DA:283,0
DA:285,0
DA:288,0
DA:289,0
DA:291,0
DA:295,0
DA:297,0
DA:299,0
DA:301,0
DA:302,0
DA:303,0
DA:311,0
DA:312,0
DA:313,0
DA:314,0
DA:315,0
DA:316,0
DA:318,0
DA:319,0
DA:320,0
DA:321,0
DA:323,0
DA:326,0
DA:327,0
DA:329,0
DA:333,0
DA:335,0
DA:337,0
DA:339,0
DA:340,0
DA:341,0
DA:349,0
DA:350,0
DA:351,0
DA:352,0
DA:353,0
DA:354,0
DA:356,0
DA:373,0
DA:374,0
DA:375,0
DA:377,0
DA:380,0
DA:381,0
DA:383,0
DA:387,0
DA:389,0
DA:391,0
DA:393,0
DA:394,0
DA:395,0
DA:401,0
DA:402,0
DA:403,0
DA:404,0
DA:406,0
DA:407,0
DA:410,0
DA:412,0
DA:414,0
DA:416,0
DA:417,0
DA:418,0
DA:422,0
DA:423,0
DA:432,0
DA:433,0
DA:434,0
DA:435,0
DA:437,0
DA:438,0
DA:441,0
DA:443,0
DA:445,0
DA:447,0
DA:448,0
DA:449,0
DA:453,0
DA:454,0
DA:463,0
DA:464,0
DA:465,0
DA:466,0
DA:468,0
DA:469,0
DA:472,0
DA:474,0
DA:476,0
DA:478,0
DA:479,0
DA:480,0
DA:484,0
DA:485,0
DA:494,0
DA:495,0
DA:496,0
DA:497,0
DA:499,0
DA:500,0
DA:503,0
DA:505,0
DA:507,0
DA:509,0
DA:510,0
DA:511,0
DA:515,0
DA:516,0
DA:525,0
DA:526,0
DA:527,0
DA:528,0
DA:529,0
DA:530,0
DA:532,0
DA:538,0
DA:539,0
DA:540,0
DA:542,0
DA:545,0
DA:546,0
DA:548,0
DA:549,0
DA:552,0
DA:554,0
DA:556,0
DA:558,0
DA:559,0
DA:560,0
DA:568,0
DA:569,0
DA:570,0
DA:571,0
DA:573,0
DA:574,0
DA:577,0
DA:579,0
DA:581,0
DA:583,0
DA:584,0
DA:585,0
DA:589,0
DA:590,0
DA:600,0
DA:601,0
DA:602,0
DA:603,0
DA:604,0
DA:605,0
DA:607,0
DA:608,0
DA:610,0
DA:612,0
DA:624,0
DA:625,0
DA:626,0
DA:628,0
DA:631,0
DA:632,0
DA:634,0
DA:638,0
DA:640,0
DA:641,0
DA:642,0
DA:645,0
DA:647,0
DA:652,0
DA:653,0
DA:654,0
DA:655,0
DA:656,0
DA:657,0
DA:658,0
DA:660,0
DA:662,0
DA:665,0
DA:667,0
DA:668,0
DA:669,0
DA:672,0
DA:674,0
DA:679,0
DA:680,0
DA:681,0
DA:683,0
DA:684,0
DA:685,0
DA:686,0
DA:688,0
DA:690,0
DA:693,0
DA:695,0
DA:696,0
DA:697,0
DA:700,0
DA:702,0
DA:707,0
DA:708,0
DA:709,0
DA:710,0
DA:711,0
DA:712,0
DA:714,0
DA:715,0
DA:716,0
DA:717,0
DA:719,0
DA:722,0
DA:723,0
DA:725,0
DA:729,0
DA:731,0
DA:732,0
DA:733,0
DA:736,0
DA:738,0
DA:745,0
DA:746,0
DA:747,0
DA:748,0
DA:750,0
DA:751,0
DA:754,0
DA:756,0
DA:758,0
DA:760,0
DA:761,0
DA:762,0
DA:766,0
DA:767,0
DA:773,0
DA:774,0
DA:775,0
DA:776,0
DA:778,0
DA:779,0
DA:782,0
DA:784,0
DA:786,0
DA:788,0
DA:789,0
DA:790,0
DA:794,0
DA:795,0
DA:799,0
DA:800,0
DA:801,0
DA:807,0
DA:809,0
DA:810,0
DA:812,0
DA:814,0
DA:816,0
DA:817,0
DA:818,0
DA:822,0
DA:823,0
DA:826,0
DA:835,0
DA:836,0
DA:837,0
DA:838,0
DA:839,0
DA:840,0
DA:841,0
DA:843,0
DA:846,0
DA:859,0
DA:860,0
DA:861,0
DA:863,0
DA:865,0
DA:867,0
DA:868,0
DA:869,0
DA:872,0
LF:422
LH:0
end_of_record
SF:lib\theme\colors.dart
DA:12,1
LF:1
LH:1
end_of_record
